make all --print-data-base --no-builtin-variables --no-builtin-rules --question
# GNU Make 3.81
# Copyright (C) 2006  Free Software Foundation, Inc.
# This is free software; see the source for copying conditions.
# There is NO warranty; not even for MERCHANTABILITY or FITNESS FOR A
# PARTICULAR PURPOSE.

# This program built for i386-apple-darwin11.3.0

# Make data base, printed on Thu Nov  3 00:51:50 2022

# Variables

# automatic
<D = $(patsubst %/,%,$(dir $<))
# environment
RUBY_VERSION = ruby-3.0.0
# automatic
?F = $(notdir $?)
# environment
ELECTRON_NO_ATTACH_CONSOLE = 1
# environment
LC_CTYPE = UTF-8
# automatic
?D = $(patsubst %/,%,$(dir $?))
# environment
rvm_path = /Users/isanka/.rvm
# automatic
@D = $(patsubst %/,%,$(dir $@))
# automatic
@F = $(notdir $@)
# makefile
CURDIR := /Users/isanka/Library/Application Support/tutor/env/build/openedx/themes/Shabazz
# makefile
SHELL = /bin/sh
# environment
VSCODE_NLS_CONFIG = {"locale":"en-us","availableLanguages":{},"_languagePackSupport":true}
# environment
_ = /usr/bin/make
# environment
VSCODE_PID = 56155
# makefile (from `Makefile', line 1)
MAKEFILE_LIST :=  Makefile
# environment
rvm_ruby_mode = 
# environment
rvm_ruby_make = 
# environment
__CFBundleIdentifier = com.microsoft.VSCode
# environment
INFOPATH = /opt/homebrew/share/info:
# environment
rvm_proxy = 
# environment
P9K_SSH = 0
# environment
VSCODE_CWD = /Users/isanka/Library/Application Support/tutor/env/build/openedx/themes/Shabazz
# environment
rvm_pretty_print_flag = 
# environment
PATH = /Users/isanka/.rvm/gems/ruby-3.0.0/bin:/Users/isanka/.rvm/gems/ruby-3.0.0@global/bin:/Users/isanka/.rvm/rubies/ruby-3.0.0/bin:/Users/isanka/opt/anaconda3/condabin:/Users/isanka/.pyenv/shims:/opt/homebrew/opt/libxml2/bin:/opt/homebrew/opt/libxslt/bin:/opt/homebrew/bin:/opt/homebrew/sbin:/usr/local/bin:/usr/bin:/bin:/usr/sbin:/sbin:/usr/local/go/bin:/usr/local/MacGPG2/bin:/Library/Apple/usr/bin:/Applications/Wireshark.app/Contents/MacOS:/Users/isanka/.rvm/bin:/opt/homebrew/opt/fzf/bin
# environment
LSCOLORS = Gxfxcxdxbxegedabagacad
# environment
rvm_niceness = 
# environment
rvm_only_path_flag = 
# environment
LaunchInstanceID = F3444C32-97C6-4565-92AD-7EC5A0E6A8CE
# environment
rvm_gemstone_package_file = 
# environment
ELECTRON_RUN_AS_NODE = 1
# environment
rvm_alias_expanded = 
# default
.FEATURES := target-specific order-only second-expansion else-if archives jobserver check-symlink
# environment
SSH_AUTH_SOCK = /private/tmp/com.apple.launchd.EUgCN0O1rs/Listeners
# automatic
%F = $(notdir $%)
# environment
CONDA_EXE = /Users/isanka/opt/anaconda3/bin/conda
# environment
rvm_bin_path = /Users/isanka/.rvm/bin
# environment
PWD = /Users/isanka/Library/Application Support/tutor/env/build/openedx/themes/Shabazz
# environment
HOMEBREW_CELLAR = /opt/homebrew/Cellar
# environment
GEM_HOME = /Users/isanka/.rvm/gems/ruby-3.0.0
# environment
rvm_docs_type = 
# environment
ORIGINAL_XDG_CURRENT_DESKTOP = undefined
# environment
MANPATH = /opt/homebrew/share/man::
# environment
VSCODE_AMD_ENTRYPOINT = vs/workbench/api/node/extensionHostProcess
# environment
HOME = /Users/isanka
# default
MAKEFILEPATH = $(shell /usr/bin/xcode-select -print-path 2>/dev/null || echo /Developer)/Makefiles
# environment
VSCODE_CLI = 1
# environment
VSCODE_CODE_CACHE_PATH = /Users/isanka/Library/Application Support/Code/CachedData/d045a5eda657f4d7b676dedbfa7aab8207f8a075
# environment
LOGNAME = isanka
# environment
APPLICATION_INSIGHTS_NO_DIAGNOSTIC_CHANNEL = 1
# environment
ZSH = /Users/isanka/.oh-my-zsh
# environment
VSCODE_HANDLES_UNCAUGHT_ERRORS = true
# automatic
^D = $(patsubst %/,%,$(dir $^))
# environment
rvm_ruby_bits = 
# environment
GEM_PATH = /Users/isanka/.rvm/gems/ruby-3.0.0:/Users/isanka/.rvm/gems/ruby-3.0.0@global
# environment
XPC_FLAGS = 0x0
# environment
COLORTERM = truecolor
# environment
rvm_ruby_make_install = 
# default
MAKE = $(MAKE_COMMAND)
# environment
LC_TERMINAL = iTerm2
# environment
IRBRC = /Users/isanka/.rvm/rubies/ruby-3.0.0/.irbrc
# environment
SHLVL = 3
# environment
rvm_quiet_flag = 
# default
MAKE_VERSION := 3.81
# environment
USER = isanka
# makefile
.DEFAULT_GOAL := render
# default
MAKECMDGOALS := all
# environment
TERM_SESSION_ID = w5t0p0:8FF10AFE-BC2A-4040-9F8E-678A89DC8096
# environment
rvm_version = 1.29.12-next (master)
# environment
LESS = -R
# automatic
%D = $(patsubst %/,%,$(dir $%))
# environment
CONDA_SHLVL = 0
# default
MAKE_COMMAND := /Library/Developer/CommandLineTools/usr/bin/make
# environment
TERM_PROGRAM = iTerm.app
# default
.VARIABLES := 
# environment
TMPDIR = /var/folders/s6/vtyt84jj63zd0rhl7cwtk_5r0000gn/T/
# automatic
*F = $(notdir $*)
# environment
VSCODE_IPC_HOOK = /Users/isanka/Library/Application Support/Code/1.72.2-main.sock
# environment
MallocNanoZone = 0
# makefile
MAKEFLAGS = Rrqp
# environment
MFLAGS = -Rrqp
# automatic
*D = $(patsubst %/,%,$(dir $*))
# environment
TERM_PROGRAM_VERSION = 3.4.16
# environment
rvm_script_name = 
# environment
XPC_SERVICE_NAME = application.com.microsoft.VSCode.51302872.51302879.8207D428-F869-4BCB-AA69-7EC33D8D2A7F
# environment
LC_TERMINAL_VERSION = 3.4.16
# environment
HOMEBREW_PREFIX = /opt/homebrew
# automatic
+D = $(patsubst %/,%,$(dir $+))
# automatic
+F = $(notdir $+)
# environment
ITERM_SESSION_ID = w5t0p0:8FF10AFE-BC2A-4040-9F8E-678A89DC8096
# environment
rvm_sdk = 
# environment
HOMEBREW_REPOSITORY = /opt/homebrew
# environment
COLORFGBG = 15;0
# environment
__CF_USER_TEXT_ENCODING = 0x1F5:0x0:0x0
# environment
COMMAND_MODE = unix2003
# default
MAKEFILES := 
# automatic
<F = $(notdir $<)
# environment
ITERM_PROFILE = Default
# environment
rvm_silent_flag = 
# environment
rvm_gemstone_url = 
# environment
PAGER = less
# environment
LC_ALL = C
# environment
rvm_bin_flag = 
# environment
CONDA_PYTHON_EXE = /Users/isanka/opt/anaconda3/bin/python
# environment
SECURITYSESSIONID = 186b4
# environment
P9K_TTY = old
# automatic
^F = $(notdir $^)
# environment
rvm_prefix = /Users/isanka
# default
SUFFIXES := 
# environment
_CE_M = 
# environment
rvm_ruby_file = 
# default
.INCLUDE_DIRS = /usr/local/include
# environment
MAKELEVEL := 0
# environment
LANG = C
# environment
TERM = xterm-256color
# environment
rvm_use_flag = 
# environment
_P9K_TTY = /dev/ttys036
# environment
rvm_hook = 
# environment
MY_RUBY_HOME = /Users/isanka/.rvm/rubies/ruby-3.0.0
# environment
_CE_CONDA = 
# environment
rvm_nightly_flag = 
# variable set hash-table stats:
# Load=120/1024=12%, Rehash=0, Collisions=9/144=6%

# Pattern-specific Variable Values

# No pattern-specific variable values.

# Directories

# . (device 16777233, inode 24751248): 13 files, no impossibilities.

# 13 files, no impossibilities in 1 directories.

# Implicit Rules

# No implicit rules.

# Files

# Not a target:
all:
#  Command-line target.
#  Implicit rule search has been done.
#  File does not exist.
#  File has not been updated.
# variable set hash-table stats:
# Load=0/32=0%, Rehash=0, Collisions=0/0=0%

# Not a target:
.SUFFIXES:
#  Implicit rule search has not been done.
#  Modification time never checked.
#  File has not been updated.

# Not a target:
Makefile:
#  Implicit rule search has been done.
#  Last modified 2022-07-08 14:28:04
#  File has been updated.
#  Successfully updated.
# variable set hash-table stats:
# Load=0/32=0%, Rehash=0, Collisions=0/0=0%

watch: render
#  Implicit rule search has not been done.
#  Modification time never checked.
#  File has not been updated.
#  commands to execute (from `Makefile', line 5):
	while true; do inotifywait -e modify --recursive config.yml ./theme; $(MAKE) render; done
	

# Not a target:
.DEFAULT:
#  Implicit rule search has not been done.
#  Modification time never checked.
#  File has not been updated.

render:
#  Implicit rule search has not been done.
#  Modification time never checked.
#  File has not been updated.
#  commands to execute (from `Makefile', line 2):
	tutor config render --extra-config ./config.yml ./theme "$$(tutor config printroot)/env/build/openedx/themes/indigo"
	

# files hash-table stats:
# Load=6/1024=1%, Rehash=0, Collisions=0/19=0%
# VPATH Search Paths

# No `vpath' search paths.

# No general (`VPATH' variable) search path.

# # of strings in strcache: 1
# # of strcache buffers: 1
 
make: *** No rule to make target `all'.  Stop.

# strcache size: total = 4096 / max = 4096 / min = 4096 / avg = 4096
# strcache free: total = 4087 / max = 4087 / min = 4087 / avg = 4087

# Finished Make data base on Thu Nov  3 00:51:50 2022

 
